Using pre-set license
Built from '2021.1/staging' branch; Version is '2021.1.21f1 (f2d5d3c59f8c) revision 15914451'; Using compiler version '192528614'; Build Type 'Release'
OS: 'Windows 10 Home Single Language; OS build 22000.493; Version 2009; 64bit' Language: 'ru' Physical Memory: 16304 MB
BatchMode: 1, IsHumanControllingUs: 0, StartBugReporterOnCrash: 0, Is64bit: 1, IsPro: 0

COMMAND LINE ARGUMENTS:
D:\Unity\2021.1.21f1\Editor\Unity.exe
-adb2
-batchMode
-noUpm
-name
AssetImportWorker0
-projectPath
D:/Materials/Unity/TypingGame
-logFile
Logs/AssetImportWorker0.log
-srvPort
63081
Successfully changed project path to: D:/Materials/Unity/TypingGame
D:/Materials/Unity/TypingGame
Using Asset Import Pipeline V2.
Refreshing native plugins compatible for Editor in 70.93 ms, found 3 plugins.
Preloading 0 native plugins for Editor in 0.00 ms.
Initialize engine version: 2021.1.21f1 (f2d5d3c59f8c)
[Subsystems] Discovering subsystems at path D:/Unity/2021.1.21f1/Editor/Data/Resources/UnitySubsystems
[Subsystems] Discovering subsystems at path D:/Materials/Unity/TypingGame/Assets
GfxDevice: creating device client; threaded=0; jobified=0
Direct3D:
    Version:  Direct3D 11.0 [level 11.1]
    Renderer: NVIDIA GeForce GTX 1650 (ID=0x1f91)
    Vendor:   NVIDIA
    VRAM:     3962 MB
    Driver:   27.21.14.6230
Initialize mono
Mono path[0] = 'D:/Unity/2021.1.21f1/Editor/Data/Managed'
Mono path[1] = 'D:/Unity/2021.1.21f1/Editor/Data/MonoBleedingEdge/lib/mono/unityjit'
Mono config path = 'D:/Unity/2021.1.21f1/Editor/Data/MonoBleedingEdge/etc'
Using monoOptions --debugger-agent=transport=dt_socket,embedding=1,server=y,suspend=n,address=127.0.0.1:56948
Begin MonoManager ReloadAssembly
Registering precompiled unity dll's ...
Register platform support module: D:/Unity/2021.1.21f1/Editor/Data/PlaybackEngines/WindowsStandaloneSupport/UnityEditor.WindowsStandalone.Extensions.dll
Registered in 0.001334 seconds.
Native extension for WindowsStandalone target not found
Refreshing native plugins compatible for Editor in 75.98 ms, found 3 plugins.
Preloading 0 native plugins for Editor in 0.00 ms.
Mono: successfully reloaded assembly
- Completed reload, in  4.326 seconds
Domain Reload Profiling:
	ReloadAssembly (4326ms)
		BeginReloadAssembly (118ms)
			ExecutionOrderSort (0ms)
			DisableScriptedObjects (0ms)
			BackupInstance (0ms)
			ReleaseScriptingObjects (0ms)
			CreateAndSetChildDomain (1ms)
		EndReloadAssembly (796ms)
			LoadAssemblies (117ms)
			RebuildTransferFunctionScriptingTraits (0ms)
			SetupTypeCache (315ms)
			ReleaseScriptCaches (0ms)
			RebuildScriptCaches (60ms)
			SetupLoadedEditorAssemblies (336ms)
				LogAssemblyErrors (0ms)
				InitializePlatformSupportModulesInManaged (10ms)
				SetLoadedEditorAssemblies (0ms)
				RefreshPlugins (76ms)
				BeforeProcessingInitializeOnLoad (3ms)
				ProcessInitializeOnLoadAttributes (190ms)
				ProcessInitializeOnLoadMethodAttributes (56ms)
				AfterProcessingInitializeOnLoad (0ms)
				EditorAssembliesLoaded (0ms)
			ExecutionOrderSort2 (0ms)
			AwakeInstancesAfterBackupRestoration (0ms)
Platform modules already initialized, skipping
Registering precompiled user dll's ...
Registered in 0.003966 seconds.
Begin MonoManager ReloadAssembly
Native extension for WindowsStandalone target not found
Refreshing native plugins compatible for Editor in 86.39 ms, found 3 plugins.
Preloading 0 native plugins for Editor in 0.00 ms.
Mono: successfully reloaded assembly
- Completed reload, in  2.645 seconds
Domain Reload Profiling:
	ReloadAssembly (2646ms)
		BeginReloadAssembly (313ms)
			ExecutionOrderSort (0ms)
			DisableScriptedObjects (7ms)
			BackupInstance (0ms)
			ReleaseScriptingObjects (0ms)
			CreateAndSetChildDomain (40ms)
		EndReloadAssembly (2247ms)
			LoadAssemblies (835ms)
			RebuildTransferFunctionScriptingTraits (0ms)
			SetupTypeCache (546ms)
			ReleaseScriptCaches (1ms)
			RebuildScriptCaches (114ms)
			SetupLoadedEditorAssemblies (616ms)
				LogAssemblyErrors (0ms)
				InitializePlatformSupportModulesInManaged (6ms)
				SetLoadedEditorAssemblies (0ms)
				RefreshPlugins (86ms)
				BeforeProcessingInitializeOnLoad (112ms)
				ProcessInitializeOnLoadAttributes (383ms)
				ProcessInitializeOnLoadMethodAttributes (24ms)
				AfterProcessingInitializeOnLoad (3ms)
				EditorAssembliesLoaded (0ms)
			ExecutionOrderSort2 (0ms)
			AwakeInstancesAfterBackupRestoration (8ms)
Platform modules already initialized, skipping
========================================================================
Worker process is ready to serve import requests
Launched and connected shader compiler UnityShaderCompiler.exe after 0.08 seconds
Refreshing native plugins compatible for Editor in 0.62 ms, found 3 plugins.
Preloading 0 native plugins for Editor in 0.00 ms.
Unloading 2122 Unused Serialized files (Serialized files now loaded: 0)
System memory in use before: 95.8 MB.
System memory in use after: 95.9 MB.

Unloading 26 unused Assets to reduce memory usage. Loaded Objects now: 2581.
Total: 5.663500 ms (FindLiveObjects: 0.386900 ms CreateObjectMapping: 0.179700 ms MarkObjects: 5.009500 ms  DeleteObjects: 0.085300 ms)

AssetImportParameters requested are different than current active one (requested -> active):
  custom:framework-win-MediaFoundation: 216162199b28c13a410421893ffa2e32 -> 
  custom:video-decoder-ogg-theora: a1e56fd34408186e4bbccfd4996cb3dc -> 
  custom:container-muxer-webm: aa71ff27fc2769a1b78a27578f13a17b -> 
  custom:container-demuxer-webm: 4f35f7cbe854078d1ac9338744f61a02 -> 
  custom:container-demuxer-ogg: 62fdf1f143b41e24485cea50d1cbac27 -> 
  custom:video-encoder-webm-vp8: eb34c28f22e8b96e1ab97ce403110664 -> 
  custom:video-codec-MediaFoundation-h265: 746d11721c4dcdbdad8f713fa42b33f4 -> 
  custom:video-decoder-webm-vp8: 9c59270c3fd7afecdb556c50c9e8de78 -> 
  custom:audio-decoder-ogg-vorbis: bf7c407c2cedff20999df2af8eb42d56 -> 
  custom:audio-encoder-webm-vorbis: bf7c407c2cedff20999df2af8eb42d56 -> 
========================================================================
Received Import Request.
  path: Assets/Levels/6a274c90a37c36f5e659712fca47da1c.jpg
  artifactKey: Guid(2ba8eff061cde764e8362a24dcb98934) Importer(815301076,1909f56bfc062723c751e8b465ee728b)
Start importing Assets/Levels/6a274c90a37c36f5e659712fca47da1c.jpg using Guid(2ba8eff061cde764e8362a24dcb98934) Importer(815301076,1909f56bfc062723c751e8b465ee728b)  -> (artifact id: 'a829d54c7d2fb53ca037e38ee748c807') in 0.165512 seconds 
========================================================================
Received Import Request.
  Time since last request: 4.826007 seconds.
  path: Assets/Levels/7bf19e37-d0ce-11e5-9b39-00155d009d01_ba9cf3a5-ef47-11e5-9b3a-00155d009d01.resize1_1000x1000_24f.jpeg
  artifactKey: Guid(c989633ccba5bd746a4365a4f94f3d74) Importer(815301076,1909f56bfc062723c751e8b465ee728b)
Start importing Assets/Levels/7bf19e37-d0ce-11e5-9b39-00155d009d01_ba9cf3a5-ef47-11e5-9b3a-00155d009d01.resize1_1000x1000_24f.jpeg using Guid(c989633ccba5bd746a4365a4f94f3d74) Importer(815301076,1909f56bfc062723c751e8b465ee728b)  -> (artifact id: '171a66bb0d3038957d5bd801bba0be2d') in 0.029554 seconds 
========================================================================
Received Import Request.
  Time since last request: 0.000239 seconds.
  path: Assets/Levels/trafarety-noty-16.jpg
  artifactKey: Guid(b20d4baf64244db4c9aedb3f10abb8d8) Importer(815301076,1909f56bfc062723c751e8b465ee728b)
Start importing Assets/Levels/trafarety-noty-16.jpg using Guid(b20d4baf64244db4c9aedb3f10abb8d8) Importer(815301076,1909f56bfc062723c751e8b465ee728b)  -> (artifact id: '3571f155ca3b1465ebaf49701349f8d9') in 0.070889 seconds 
========================================================================
Received Import Request.
  Time since last request: 0.000287 seconds.
  path: Assets/Levels/note.png
  artifactKey: Guid(f505f789c12f200458f6909bd38618a6) Importer(815301076,1909f56bfc062723c751e8b465ee728b)
Start importing Assets/Levels/note.png using Guid(f505f789c12f200458f6909bd38618a6) Importer(815301076,1909f56bfc062723c751e8b465ee728b)  -> (artifact id: 'df761233175a00a8b2e8704d1128a783') in 0.033722 seconds 
========================================================================
Received Import Request.
  Time since last request: 0.000263 seconds.
  path: Assets/Levels/note2.png
  artifactKey: Guid(ff4727c42cebff443a97837b182a795d) Importer(815301076,1909f56bfc062723c751e8b465ee728b)
Start importing Assets/Levels/note2.png using Guid(ff4727c42cebff443a97837b182a795d) Importer(815301076,1909f56bfc062723c751e8b465ee728b)  -> (artifact id: '0a0ff2f4f12d5383d47e2c5f3b9441f8') in 0.023144 seconds 
========================================================================
Received Import Request.
  Time since last request: 0.000345 seconds.
  path: Assets/Levels/shutterstock_1693977691.jpg
  artifactKey: Guid(52e4ed7b117e41d4eb663cf59ae9af8e) Importer(815301076,1909f56bfc062723c751e8b465ee728b)
Start importing Assets/Levels/shutterstock_1693977691.jpg using Guid(52e4ed7b117e41d4eb663cf59ae9af8e) Importer(815301076,1909f56bfc062723c751e8b465ee728b)  -> (artifact id: 'd6f774925b2f188cc46fadc673c40eb3') in 0.054693 seconds 
========================================================================
Received Import Request.
  Time since last request: 0.000253 seconds.
  path: Assets/Levels/notes.png
  artifactKey: Guid(76080fe3a439b7241980a5d148399443) Importer(815301076,1909f56bfc062723c751e8b465ee728b)
Start importing Assets/Levels/notes.png using Guid(76080fe3a439b7241980a5d148399443) Importer(815301076,1909f56bfc062723c751e8b465ee728b)  -> (artifact id: '1f5e3a64a9484bc093d936790d7b4d62') in 0.030912 seconds 
========================================================================
Received Import Request.
  Time since last request: 0.000238 seconds.
  path: Assets/Levels/gradient2.jpg
  artifactKey: Guid(12ffc960ef368e74db7aadb2a27761c9) Importer(815301076,1909f56bfc062723c751e8b465ee728b)
Start importing Assets/Levels/gradient2.jpg using Guid(12ffc960ef368e74db7aadb2a27761c9) Importer(815301076,1909f56bfc062723c751e8b465ee728b)  -> (artifact id: '41de576265e2970e428d2ec2e67e148c') in 0.070372 seconds 
========================================================================
Received Import Request.
  Time since last request: 0.000232 seconds.
  path: Assets/Levels/modern-abstract-geometric-seamless-pattern-vector.jpg
  artifactKey: Guid(b63e8d405e4a54d4192a0d8f81fa7ffe) Importer(815301076,1909f56bfc062723c751e8b465ee728b)
Start importing Assets/Levels/modern-abstract-geometric-seamless-pattern-vector.jpg using Guid(b63e8d405e4a54d4192a0d8f81fa7ffe) Importer(815301076,1909f56bfc062723c751e8b465ee728b)  -> (artifact id: '2fd8ac6b4a9556a3feca756b038e3971') in 0.028106 seconds 
========================================================================
Received Import Request.
  Time since last request: 0.000249 seconds.
  path: Assets/Levels/clef_PNG36.png
  artifactKey: Guid(7dace25bd11a7a84b91b777ba98b419d) Importer(815301076,1909f56bfc062723c751e8b465ee728b)
Start importing Assets/Levels/clef_PNG36.png using Guid(7dace25bd11a7a84b91b777ba98b419d) Importer(815301076,1909f56bfc062723c751e8b465ee728b)  -> (artifact id: '9b0a6842a32b2d342767b17c1a33e3da') in 0.021864 seconds 
========================================================================
Received Import Request.
  Time since last request: 0.000226 seconds.
  path: Assets/Levels/gradient.jpg
  artifactKey: Guid(0f1b58c9d8d49fa4aa6677554318ed71) Importer(815301076,1909f56bfc062723c751e8b465ee728b)
Start importing Assets/Levels/gradient.jpg using Guid(0f1b58c9d8d49fa4aa6677554318ed71) Importer(815301076,1909f56bfc062723c751e8b465ee728b)  -> (artifact id: '66c60fdd252bf26b81b70eb1b0e6e699') in 0.026770 seconds 
========================================================================
Received Import Request.
  Time since last request: 0.000243 seconds.
  path: Assets/Levels/oboi_9315050_geometric_1_cole_son.jpg
  artifactKey: Guid(14e1275aad00e874fae185d5a48e807e) Importer(815301076,1909f56bfc062723c751e8b465ee728b)
Start importing Assets/Levels/oboi_9315050_geometric_1_cole_son.jpg using Guid(14e1275aad00e874fae185d5a48e807e) Importer(815301076,1909f56bfc062723c751e8b465ee728b)  -> (artifact id: 'eb8af11f0b0940b6aa03d983425267ea') in 0.044099 seconds 
========================================================================
Received Import Request.
  Time since last request: 0.000245 seconds.
  path: Assets/Levels/gradient1.jpg
  artifactKey: Guid(72230e494f11aae4cbd46c67e7477265) Importer(815301076,1909f56bfc062723c751e8b465ee728b)
Start importing Assets/Levels/gradient1.jpg using Guid(72230e494f11aae4cbd46c67e7477265) Importer(815301076,1909f56bfc062723c751e8b465ee728b)  -> (artifact id: '8191260fc00c6f5d10d04214818b437c') in 0.135765 seconds 
========================================================================
Received Import Request.
  Time since last request: 0.000220 seconds.
  path: Assets/Levels/Pattern.png
  artifactKey: Guid(8efb3b253e702c74bbc1c3c5ddb479bb) Importer(815301076,1909f56bfc062723c751e8b465ee728b)
Start importing Assets/Levels/Pattern.png using Guid(8efb3b253e702c74bbc1c3c5ddb479bb) Importer(815301076,1909f56bfc062723c751e8b465ee728b)  -> (artifact id: 'f2a9f4f863acd6ef1bf25be3128837df') in 0.030385 seconds 
========================================================================
Received Import Request.
  Time since last request: 0.000209 seconds.
  path: Assets/Levels/grid.png
  artifactKey: Guid(010703ba856e7c74d87521f855357565) Importer(815301076,1909f56bfc062723c751e8b465ee728b)
Start importing Assets/Levels/grid.png using Guid(010703ba856e7c74d87521f855357565) Importer(815301076,1909f56bfc062723c751e8b465ee728b)  -> (artifact id: 'ed2a998d2ad73a3f2f51013d73af67c0') in 0.061609 seconds 
========================================================================
Received Import Request.
  Time since last request: 0.000211 seconds.
  path: Assets/Levels/TR2-CH-SQ2-geometric-tile-art-4-sheets-patterns.jpg
  artifactKey: Guid(dd424d657ad9a7541ba6a79a5378ffaa) Importer(815301076,1909f56bfc062723c751e8b465ee728b)
Start importing Assets/Levels/TR2-CH-SQ2-geometric-tile-art-4-sheets-patterns.jpg using Guid(dd424d657ad9a7541ba6a79a5378ffaa) Importer(815301076,1909f56bfc062723c751e8b465ee728b)  -> (artifact id: 'ec17412c2535430b8ef9d6d1cc5d71c3') in 0.090676 seconds 
========================================================================
Received Prepare
Registering precompiled user dll's ...
Registered in 0.004143 seconds.
Begin MonoManager ReloadAssembly
Native extension for WindowsStandalone target not found
Refreshing native plugins compatible for Editor in 1.11 ms, found 3 plugins.
Preloading 0 native plugins for Editor in 0.00 ms.
Mono: successfully reloaded assembly
- Completed reload, in  1.665 seconds
Domain Reload Profiling:
	ReloadAssembly (1665ms)
		BeginReloadAssembly (196ms)
			ExecutionOrderSort (0ms)
			DisableScriptedObjects (9ms)
			BackupInstance (0ms)
			ReleaseScriptingObjects (0ms)
			CreateAndSetChildDomain (65ms)
		EndReloadAssembly (1383ms)
			LoadAssemblies (155ms)
			RebuildTransferFunctionScriptingTraits (0ms)
			SetupTypeCache (488ms)
			ReleaseScriptCaches (2ms)
			RebuildScriptCaches (82ms)
			SetupLoadedEditorAssemblies (422ms)
				LogAssemblyErrors (0ms)
				InitializePlatformSupportModulesInManaged (6ms)
				SetLoadedEditorAssemblies (1ms)
				RefreshPlugins (1ms)
				BeforeProcessingInitializeOnLoad (70ms)
				ProcessInitializeOnLoadAttributes (327ms)
				ProcessInitializeOnLoadMethodAttributes (14ms)
				AfterProcessingInitializeOnLoad (2ms)
				EditorAssembliesLoaded (0ms)
			ExecutionOrderSort2 (0ms)
			AwakeInstancesAfterBackupRestoration (30ms)
Platform modules already initialized, skipping
Refreshing native plugins compatible for Editor in 1.09 ms, found 3 plugins.
Preloading 0 native plugins for Editor in 0.00 ms.
Unloading 2128 Unused Serialized files (Serialized files now loaded: 0)
System memory in use before: 152.4 MB.
System memory in use after: 152.6 MB.

Unloading 14 unused Assets to reduce memory usage. Loaded Objects now: 2849.
Total: 6.297600 ms (FindLiveObjects: 0.311500 ms CreateObjectMapping: 0.139500 ms MarkObjects: 5.778800 ms  DeleteObjects: 0.065300 ms)

AssetImportParameters requested are different than current active one (requested -> active):
  custom:framework-win-MediaFoundation: 216162199b28c13a410421893ffa2e32 -> 
  custom:video-decoder-ogg-theora: a1e56fd34408186e4bbccfd4996cb3dc -> 
  custom:container-muxer-webm: aa71ff27fc2769a1b78a27578f13a17b -> 
  custom:container-demuxer-webm: 4f35f7cbe854078d1ac9338744f61a02 -> 
  custom:container-demuxer-ogg: 62fdf1f143b41e24485cea50d1cbac27 -> 
  custom:video-encoder-webm-vp8: eb34c28f22e8b96e1ab97ce403110664 -> 
  custom:video-codec-MediaFoundation-h265: 746d11721c4dcdbdad8f713fa42b33f4 -> 
  custom:video-decoder-webm-vp8: 9c59270c3fd7afecdb556c50c9e8de78 -> 
  custom:audio-decoder-ogg-vorbis: bf7c407c2cedff20999df2af8eb42d56 -> 
  custom:audio-encoder-webm-vorbis: bf7c407c2cedff20999df2af8eb42d56 -> 
AssetImportWorkerClient::OnTransportError - code=2 error=End of file
